\BOOKMARK [1][-]{section.1}{Temat projektu.}{}% 1
\BOOKMARK [1][-]{section.2}{Cel projektu.}{}% 2
\BOOKMARK [2][-]{subsection.2.1}{Cel dydaktyczny.}{section.2}% 3
\BOOKMARK [2][-]{subsection.2.2}{Cel merytoryczny.}{section.2}% 4
\BOOKMARK [1][-]{section.3}{Opis zastosowanego algorytmu.}{}% 5
\BOOKMARK [2][-]{subsection.3.1}{Opis s\233owny algorytmu.}{section.3}% 6
\BOOKMARK [2][-]{subsection.3.2}{Obliczanie liczby Pi metoda Monte Carlo.}{section.3}% 7
\BOOKMARK [2][-]{subsection.3.3}{Implementacja algorytmu - program jednowatkowy.}{section.3}% 8
\BOOKMARK [1][-]{section.4}{Zastosowane technologie.}{}% 9
\BOOKMARK [2][-]{subsection.4.1}{Framework Django.}{section.4}% 10
\BOOKMARK [2][-]{subsection.4.2}{Technologia MPI.}{section.4}% 11
\BOOKMARK [2][-]{subsection.4.3}{CSS i HTML.}{section.4}% 12
\BOOKMARK [2][-]{subsection.4.4}{Komunikacja grupy.}{section.4}% 13
\BOOKMARK [3][-]{subsubsection.4.4.1}{GitHub.}{subsection.4.4}% 14
\BOOKMARK [3][-]{subsubsection.4.4.2}{Trello.}{subsection.4.4}% 15
\BOOKMARK [1][-]{section.5}{Plan realizacji.}{}% 16
\BOOKMARK [2][-]{subsection.5.1}{Podzia\233 pracy miedzy cz\233onk\363w grupy.}{section.5}% 17
\BOOKMARK [2][-]{subsection.5.2}{Terminarz realizacji zadan.}{section.5}% 18
\BOOKMARK [1][-]{section.6}{Implementacja silnika obliczeniowego.}{}% 19
\BOOKMARK [1][-]{section.7}{Aplikacja internetowa.}{}% 20
\BOOKMARK [1][-]{section.8}{Testy.}{}% 21
\BOOKMARK [1][-]{section.9}{Podsumowanie i wnioski.}{}% 22
